<?xml version="1.0" encoding="UTF-8"?>
<coverage generated="1578708919175" clover="3.2.0">
  <project timestamp="1578708919175" name="All files">
    <metrics statements="21" coveredstatements="5" conditionals="0" coveredconditionals="0" methods="10" coveredmethods="1" elements="31" coveredelements="6" complexity="0" loc="21" ncloc="21" packages="3" files="6" classes="6"/>
    <package name="src">
      <metrics statements="4" coveredstatements="0" conditionals="0" coveredconditionals="0" methods="2" coveredmethods="0"/>
      <file name="App.js" path="/Users/machezadzabala/Projects/wayfarer-react/src/App.js">
        <metrics statements="4" coveredstatements="0" conditionals="0" coveredconditionals="0" methods="2" coveredmethods="0"/>
        <line num="8" count="0" type="stmt"/>
        <line num="9" count="0" type="stmt"/>
        <line num="12" count="0" type="stmt"/>
        <line num="13" count="0" type="stmt"/>
      </file>
    </package>
    <package name="src.utilities.tests">
      <metrics statements="2" coveredstatements="0" conditionals="0" coveredconditionals="0" methods="1" coveredmethods="0"/>
      <file name="findByTestAttribute.js" path="/Users/machezadzabala/Projects/wayfarer-react/src/utilities/tests/findByTestAttribute.js">
        <metrics statements="2" coveredstatements="0" conditionals="0" coveredconditionals="0" methods="1" coveredmethods="0"/>
        <line num="2" count="0" type="stmt"/>
        <line num="3" count="0" type="stmt"/>
      </file>
    </package>
    <package name="src.views">
      <metrics statements="15" coveredstatements="5" conditionals="0" coveredconditionals="0" methods="7" coveredmethods="1"/>
      <file name="Home.js" path="/Users/machezadzabala/Projects/wayfarer-react/src/views/Home.js">
        <metrics statements="0" coveredstatements="0" conditionals="0" coveredconditionals="0" methods="0" coveredmethods="0"/>
      </file>
      <file name="NotFound.js" path="/Users/machezadzabala/Projects/wayfarer-react/src/views/NotFound.js">
        <metrics statements="1" coveredstatements="0" conditionals="0" coveredconditionals="0" methods="1" coveredmethods="0"/>
        <line num="5" count="0" type="stmt"/>
      </file>
      <file name="Signin.js" path="/Users/machezadzabala/Projects/wayfarer-react/src/views/Signin.js">
        <metrics statements="13" coveredstatements="5" conditionals="0" coveredconditionals="0" methods="5" coveredmethods="1"/>
        <line num="5" count="1" type="stmt"/>
        <line num="10" count="1" type="stmt"/>
        <line num="11" count="0" type="stmt"/>
        <line num="12" count="0" type="stmt"/>
        <line num="15" count="0" type="stmt"/>
        <line num="18" count="1" type="stmt"/>
        <line num="19" count="0" type="stmt"/>
        <line num="22" count="0" type="stmt"/>
        <line num="24" count="0" type="stmt"/>
        <line num="28" count="1" type="stmt"/>
        <line num="29" count="1" type="stmt"/>
        <line num="41" count="0" type="stmt"/>
        <line num="42" count="0" type="stmt"/>
      </file>
      <file name="Signup.js" path="/Users/machezadzabala/Projects/wayfarer-react/src/views/Signup.js">
        <metrics statements="1" coveredstatements="0" conditionals="0" coveredconditionals="0" methods="1" coveredmethods="0"/>
        <line num="5" count="0" type="stmt"/>
      </file>
    </package>
  </project>
</coverage>
