{"/Users/machezadzabala/Projects/wayfarer-react/src/App.js": {"path":"/Users/machezadzabala/Projects/wayfarer-react/src/App.js","statementMap":{"0":{"start":{"line":8,"column":10},"end":{"line":10,"column":3}},"1":{"start":{"line":9,"column":4},"end":{"line":9,"column":25}},"2":{"start":{"line":12,"column":4},"end":{"line":12,"column":28}},"3":{"start":{"line":13,"column":4},"end":{"line":22,"column":5}}},"fnMap":{"0":{"name":"(anonymous_0)","decl":{"start":{"line":8,"column":10},"end":{"line":8,"column":11}},"loc":{"start":{"line":8,"column":16},"end":{"line":10,"column":3}},"line":8},"1":{"name":"(anonymous_1)","decl":{"start":{"line":11,"column":2},"end":{"line":11,"column":3}},"loc":{"start":{"line":11,"column":11},"end":{"line":23,"column":3}},"line":11}},"branchMap":{},"s":{"0":0,"1":0,"2":0,"3":0},"f":{"0":0,"1":0},"b":{},"hash":"28b5d8c19f27d2d607eb86c8c97fd7d88bf23276"}
,"/Users/machezadzabala/Projects/wayfarer-react/src/utilities/tests/findByTestAttribute.js": {"path":"/Users/machezadzabala/Projects/wayfarer-react/src/utilities/tests/findByTestAttribute.js","statementMap":{"0":{"start":{"line":2,"column":15},"end":{"line":2,"column":54}},"1":{"start":{"line":3,"column":2},"end":{"line":3,"column":14}}},"fnMap":{"0":{"name":"(anonymous_0)","decl":{"start":{"line":1,"column":15},"end":{"line":1,"column":16}},"loc":{"start":{"line":1,"column":36},"end":{"line":4,"column":1}},"line":1}},"branchMap":{},"s":{"0":0,"1":0},"f":{"0":0},"b":{},"hash":"5794159feb4ae1f928e2d7cd192cc9311159d648"}
,"/Users/machezadzabala/Projects/wayfarer-react/src/views/Home.js": {"path":"/Users/machezadzabala/Projects/wayfarer-react/src/views/Home.js","statementMap":{},"fnMap":{},"branchMap":{},"s":{},"f":{},"b":{},"hash":"c6d5466c0a064642711742da7e21d04849d31478"}
,"/Users/machezadzabala/Projects/wayfarer-react/src/views/NotFound.js": {"path":"/Users/machezadzabala/Projects/wayfarer-react/src/views/NotFound.js","statementMap":{"0":{"start":{"line":5,"column":4},"end":{"line":9,"column":5}}},"fnMap":{"0":{"name":"(anonymous_0)","decl":{"start":{"line":4,"column":2},"end":{"line":4,"column":3}},"loc":{"start":{"line":4,"column":11},"end":{"line":10,"column":3}},"line":4}},"branchMap":{},"s":{"0":0},"f":{"0":0},"b":{},"hash":"bbe6b77b50dc5cb8e6c5b7564e84cc5438ad2467"}
,"/Users/machezadzabala/Projects/wayfarer-react/src/views/Signin.js": {"path":"/Users/machezadzabala/Projects/wayfarer-react/src/views/Signin.js","statementMap":{"0":{"start":{"line":5,"column":10},"end":{"line":8,"column":3}},"1":{"start":{"line":10,"column":17},"end":{"line":16,"column":3}},"2":{"start":{"line":11,"column":40},"end":{"line":11,"column":41}},"3":{"start":{"line":12,"column":4},"end":{"line":14,"column":7}},"4":{"start":{"line":15,"column":4},"end":{"line":15,"column":28}},"5":{"start":{"line":18,"column":10},"end":{"line":25,"column":3}},"6":{"start":{"line":19,"column":4},"end":{"line":19,"column":23}},"7":{"start":{"line":22,"column":8},"end":{"line":22,"column":18}},"8":{"start":{"line":24,"column":4},"end":{"line":24,"column":28}},"9":{"start":{"line":28,"column":32},"end":{"line":28,"column":42}},"10":{"start":{"line":29,"column":4},"end":{"line":51,"column":5}},"11":{"start":{"line":41,"column":112},"end":{"line":41,"column":132}},"12":{"start":{"line":42,"column":127},"end":{"line":42,"column":147}}},"fnMap":{"0":{"name":"(anonymous_0)","decl":{"start":{"line":10,"column":17},"end":{"line":10,"column":18}},"loc":{"start":{"line":10,"column":24},"end":{"line":16,"column":3}},"line":10},"1":{"name":"(anonymous_1)","decl":{"start":{"line":18,"column":10},"end":{"line":18,"column":11}},"loc":{"start":{"line":18,"column":17},"end":{"line":25,"column":3}},"line":18},"2":{"name":"(anonymous_2)","decl":{"start":{"line":27,"column":2},"end":{"line":27,"column":3}},"loc":{"start":{"line":27,"column":11},"end":{"line":52,"column":3}},"line":27},"3":{"name":"(anonymous_3)","decl":{"start":{"line":41,"column":105},"end":{"line":41,"column":106}},"loc":{"start":{"line":41,"column":112},"end":{"line":41,"column":132}},"line":41},"4":{"name":"(anonymous_4)","decl":{"start":{"line":42,"column":120},"end":{"line":42,"column":121}},"loc":{"start":{"line":42,"column":127},"end":{"line":42,"column":147}},"line":42}},"branchMap":{},"s":{"0":1,"1":1,"2":0,"3":0,"4":0,"5":1,"6":0,"7":0,"8":0,"9":1,"10":1,"11":0,"12":0},"f":{"0":0,"1":0,"2":1,"3":0,"4":0},"b":{},"_coverageSchema":"43e27e138ebf9cfc5966b082cf9a028302ed4184","hash":"b9f395b1ae7f534a5ea0db1f23bab60ac69abd95"}
,"/Users/machezadzabala/Projects/wayfarer-react/src/views/Signup.js": {"path":"/Users/machezadzabala/Projects/wayfarer-react/src/views/Signup.js","statementMap":{"0":{"start":{"line":5,"column":4},"end":{"line":9,"column":5}}},"fnMap":{"0":{"name":"(anonymous_0)","decl":{"start":{"line":4,"column":2},"end":{"line":4,"column":3}},"loc":{"start":{"line":4,"column":11},"end":{"line":10,"column":3}},"line":4}},"branchMap":{},"s":{"0":0},"f":{"0":0},"b":{},"hash":"e1236757c3eacca3c58ffacce52ccfd8c2291f42"}
}
