TN:
SF:/Users/machezadzabala/Projects/wayfarer-react/src/App.js
FN:8,(anonymous_0)
FN:11,(anonymous_1)
FNF:2
FNH:0
FNDA:0,(anonymous_0)
FNDA:0,(anonymous_1)
DA:8,0
DA:9,0
DA:12,0
DA:13,0
LF:4
LH:0
BRF:0
BRH:0
end_of_record
TN:
SF:/Users/machezadzabala/Projects/wayfarer-react/src/utilities/tests/findByTestAttribute.js
FN:1,(anonymous_0)
FNF:1
FNH:0
FNDA:0,(anonymous_0)
DA:2,0
DA:3,0
LF:2
LH:0
BRF:0
BRH:0
end_of_record
TN:
SF:/Users/machezadzabala/Projects/wayfarer-react/src/views/Home.js
FNF:0
FNH:0
LF:0
LH:0
BRF:0
BRH:0
end_of_record
TN:
SF:/Users/machezadzabala/Projects/wayfarer-react/src/views/NotFound.js
FN:4,(anonymous_0)
FNF:1
FNH:0
FNDA:0,(anonymous_0)
DA:5,0
LF:1
LH:0
BRF:0
BRH:0
end_of_record
TN:
SF:/Users/machezadzabala/Projects/wayfarer-react/src/views/Signin.js
FN:10,(anonymous_0)
FN:18,(anonymous_1)
FN:27,(anonymous_2)
FN:41,(anonymous_3)
FN:42,(anonymous_4)
FNF:5
FNH:1
FNDA:0,(anonymous_0)
FNDA:0,(anonymous_1)
FNDA:1,(anonymous_2)
FNDA:0,(anonymous_3)
FNDA:0,(anonymous_4)
DA:5,1
DA:10,1
DA:11,0
DA:12,0
DA:15,0
DA:18,1
DA:19,0
DA:22,0
DA:24,0
DA:28,1
DA:29,1
DA:41,0
DA:42,0
LF:13
LH:5
BRF:0
BRH:0
end_of_record
TN:
SF:/Users/machezadzabala/Projects/wayfarer-react/src/views/Signup.js
FN:4,(anonymous_0)
FNF:1
FNH:0
FNDA:0,(anonymous_0)
DA:5,0
LF:1
LH:0
BRF:0
BRH:0
end_of_record
